<?xml version="1.0" encoding="UTF-8"?>
<testsuite name="com.example.project.TestUtility" tests="1" skipped="0" failures="0" errors="0" timestamp="2025-02-12T17:13:23" hostname="codespaces-d865c6" time="0.017">
  <properties/>
  <testcase name="testSort()" classname="com.example.project.TestUtility" time="0.017"/>
  <system-out><![CDATA[Lisa is equal to Lisa
]]></system-out>
  <system-err><![CDATA[]]></system-err>
</testsuite>
